[debug] [2022-08-29T13:54:39.666Z] ----------------------------------------------------------------------
[debug] [2022-08-29T13:54:39.670Z] Command:       C:\Program Files\nodejs\node.exe C:\Users\asus\AppData\Roaming\npm\node_modules\firebase-tools\lib\bin\firebase.js deploy
[debug] [2022-08-29T13:54:39.671Z] CLI Version:   10.6.0
[debug] [2022-08-29T13:54:39.671Z] Platform:      win32
[debug] [2022-08-29T13:54:39.671Z] Node Version:  v16.13.1
[debug] [2022-08-29T13:54:39.690Z] Time:          Mon Aug 29 2022 19:54:39 GMT+0600 (Bangladesh Standard Time)
[debug] [2022-08-29T13:54:39.691Z] ----------------------------------------------------------------------
[debug] 
[debug] [2022-08-29T13:54:39.851Z] > command requires scopes: ["email","openid","https://www.googleapis.com/auth/cloudplatformprojects.readonly","https://www.googleapis.com/auth/firebase","https://www.googleapis.com/auth/cloud-platform"]
[debug] [2022-08-29T13:54:39.852Z] > authorizing via signed-in user (proloychacroborty@gmail.com)
[debug] [2022-08-29T13:54:39.852Z] [iam] checking project organic-grocer-warehouse for permissions ["firebase.projects.get","firebasehosting.sites.update"]
[debug] [2022-08-29T13:54:39.857Z] >>> [apiv2][query] POST https://cloudresourcemanager.googleapis.com/v1/projects/organic-grocer-warehouse:testIamPermissions [none]
[debug] [2022-08-29T13:54:39.858Z] >>> [apiv2][body] POST https://cloudresourcemanager.googleapis.com/v1/projects/organic-grocer-warehouse:testIamPermissions {"permissions":["firebase.projects.get","firebasehosting.sites.update"]}
[debug] [2022-08-29T13:54:41.716Z] <<< [apiv2][status] POST https://cloudresourcemanager.googleapis.com/v1/projects/organic-grocer-warehouse:testIamPermissions 200
[debug] [2022-08-29T13:54:41.717Z] <<< [apiv2][body] POST https://cloudresourcemanager.googleapis.com/v1/projects/organic-grocer-warehouse:testIamPermissions {"permissions":["firebase.projects.get","firebasehosting.sites.update"]}
[debug] [2022-08-29T13:54:41.719Z] >>> [apiv2][query] GET https://firebase.googleapis.com/v1beta1/projects/organic-grocer-warehouse [none]
[debug] [2022-08-29T13:54:42.265Z] <<< [apiv2][status] GET https://firebase.googleapis.com/v1beta1/projects/organic-grocer-warehouse 200
[debug] [2022-08-29T13:54:42.266Z] <<< [apiv2][body] GET https://firebase.googleapis.com/v1beta1/projects/organic-grocer-warehouse {"projectId":"organic-grocer-warehouse","projectNumber":"421099645940","displayName":"organic-grocer-warehouse","name":"projects/organic-grocer-warehouse","resources":{"hostingSite":"organic-grocer-warehouse"},"state":"ACTIVE","etag":"1_b5f12b05-8ee8-48de-b4cb-91cf17557939"}
[info] 
[info] === Deploying to 'organic-grocer-warehouse'...
[info] 
[info] i  deploying hosting 
[debug] [2022-08-29T13:54:42.281Z] >>> [apiv2][query] GET https://firebase.googleapis.com/v1beta1/projects/organic-grocer-warehouse [none]
[debug] [2022-08-29T13:54:42.855Z] <<< [apiv2][status] GET https://firebase.googleapis.com/v1beta1/projects/organic-grocer-warehouse 200
[debug] [2022-08-29T13:54:42.857Z] <<< [apiv2][body] GET https://firebase.googleapis.com/v1beta1/projects/organic-grocer-warehouse {"projectId":"organic-grocer-warehouse","projectNumber":"421099645940","displayName":"organic-grocer-warehouse","name":"projects/organic-grocer-warehouse","resources":{"hostingSite":"organic-grocer-warehouse"},"state":"ACTIVE","etag":"1_b5f12b05-8ee8-48de-b4cb-91cf17557939"}
[debug] [2022-08-29T13:54:42.871Z] >>> [apiv2][query] POST https://firebasehosting.googleapis.com/v1beta1/projects/421099645940/sites/organic-grocer-warehouse/versions [none]
[debug] [2022-08-29T13:54:42.872Z] >>> [apiv2][body] POST https://firebasehosting.googleapis.com/v1beta1/projects/421099645940/sites/organic-grocer-warehouse/versions {"config":{"rewrites":[{"glob":"**","path":"/index.html"}]},"labels":{"deployment-tool":"cli-firebase"}}
[debug] [2022-08-29T13:54:44.784Z] <<< [apiv2][status] POST https://firebasehosting.googleapis.com/v1beta1/projects/421099645940/sites/organic-grocer-warehouse/versions 200
[debug] [2022-08-29T13:54:44.784Z] <<< [apiv2][body] POST https://firebasehosting.googleapis.com/v1beta1/projects/421099645940/sites/organic-grocer-warehouse/versions {"name":"projects/421099645940/sites/organic-grocer-warehouse/versions/0e6dd7958e1d1f29","status":"CREATED","config":{"rewrites":[{"glob":"**","path":"/index.html"}]},"labels":{"deployment-tool":"cli-firebase"}}
[info] i  hosting[organic-grocer-warehouse]: beginning deploy... 
[info] i  hosting[organic-grocer-warehouse]: found 19 files in build 
[debug] [2022-08-29T13:54:44.814Z] [hosting] uploading with 200 concurrency
[debug] [2022-08-29T13:54:44.816Z] [hosting] hash cache [YnVpbGQ] not populated
[debug] [2022-08-29T13:54:45.381Z] [hosting] hash cache [YnVpbGQ] stored for 19 files
[debug] [2022-08-29T13:54:45.381Z] [hosting][hash queue][FINAL] {"max":551,"min":36,"avg":70.6842105263158,"active":0,"complete":19,"success":19,"errored":0,"retried":0,"total":19,"elapsed":565}
[debug] [2022-08-29T13:54:45.382Z] >>> [apiv2][query] POST https://firebasehosting.googleapis.com/v1beta1/projects/421099645940/sites/organic-grocer-warehouse/versions/0e6dd7958e1d1f29:populateFiles [none]
[debug] [2022-08-29T13:54:45.382Z] >>> [apiv2][body] POST https://firebasehosting.googleapis.com/v1beta1/projects/421099645940/sites/organic-grocer-warehouse/versions/0e6dd7958e1d1f29:populateFiles {"files":{"/asset-manifest.json":"8d8ab80fcf7d00dee5516bb20587319feb65594f7ee7b3c06fdace054471fee5","/index.html":"779b2382efafcc3d470395a8ec90516af698f479191cb120babe5ef2ebbd90da","/manifest.json":"aff3449bdc238776f5d6d967f19ec491b36aed5fb7f23ccff6500736fd58494a","/robots.txt":"bfe106a3fb878dc83461c86818bf74fc1bdc7f28538ba613cd3e775516ce8b49","/favicon.ico":"d5707999923e0332a76e919b89c68ae3330c918509f364cf12a2fecee252a8d3","/static/js/787.99b6da28.chunk.js":"935fab5696e7ecb7171b7dd98941873a8fc91e0dadf4b38b329d6d2919319e2c","/static/js/787.99b6da28.chunk.js.map":"9990e6499e012bb8db4a2fb6163f4879e94e36ba1f1895c28ddb6bfbc45d3996","/logo192.png":"3ee59515172ee198f3be375979df15ac5345183e656720a381b8872b2a39dc8b","/static/js/main.4365cfdc.js.LICENSE.txt":"a4bf333c58f9e94274c19b9aee77a652337affee13e747a3e15415ca14c01597","/logo512.png":"ee7e2f3fdb8209c4b6fd7bef6ba50d1b9dba30a25bb5c3126df057e1cb6f5331","/static/media/slick.2630a3e3eab21c607e21.svg":"d00477d40ed40fa1dd3bdee27d9286804121b15fea83bae7d5415d902b055de0","/static/media/slick.295183786cd8a1389865.woff":"029a727c9e1081d2f9e1015f02f18da88f268512ea4f58589a6f17f532928530","/static/media/slick.a4e97f5a2a64f0ab1323.eot":"52b9a169969e053d43df6bd21c4dc789c2518d99afd8590a17ef50cd24c77cf6","/static/css/main.f1b54caa.css.map":"9c80912ed220025fcf1d65d232669414997328b83864e2a065e8e0694ea5f017","/static/media/slick.c94f7671dcc99dce43e2.ttf":"6aad751007cf9a89350af287f824ab64f096c472c7c9c679fb3d55b6174fc004","/static/css/main.f1b54caa.css":"da67f20a8731216bbd88a339582261ff0bec51f47e1f4e0dde76eee4e6040cef","/static/media/fav.8c87f123d76dbfae65d2.png":"d66639762c9eefab2348d9e0a52ddd5c6b57ac5b0ecb5beabff43c6027409b3c","/static/js/main.4365cfdc.js":"dcde0ab131326fc9676ee4f5d354fcd3b0e7a9b5e4c95517174d993297ef7443","/static/js/main.4365cfdc.js.map":"f85ca8bd19749e7b01ef393d9d06c6774ac622a1eaeb894446f441a2d07b2dbe"}}
[debug] [2022-08-29T13:54:46.591Z] <<< [apiv2][status] POST https://firebasehosting.googleapis.com/v1beta1/projects/421099645940/sites/organic-grocer-warehouse/versions/0e6dd7958e1d1f29:populateFiles 200
[debug] [2022-08-29T13:54:46.591Z] <<< [apiv2][body] POST https://firebasehosting.googleapis.com/v1beta1/projects/421099645940/sites/organic-grocer-warehouse/versions/0e6dd7958e1d1f29:populateFiles {"uploadRequiredHashes":["9990e6499e012bb8db4a2fb6163f4879e94e36ba1f1895c28ddb6bfbc45d3996","d5707999923e0332a76e919b89c68ae3330c918509f364cf12a2fecee252a8d3","a4bf333c58f9e94274c19b9aee77a652337affee13e747a3e15415ca14c01597","52b9a169969e053d43df6bd21c4dc789c2518d99afd8590a17ef50cd24c77cf6","dcde0ab131326fc9676ee4f5d354fcd3b0e7a9b5e4c95517174d993297ef7443","d66639762c9eefab2348d9e0a52ddd5c6b57ac5b0ecb5beabff43c6027409b3c","ee7e2f3fdb8209c4b6fd7bef6ba50d1b9dba30a25bb5c3126df057e1cb6f5331","779b2382efafcc3d470395a8ec90516af698f479191cb120babe5ef2ebbd90da","3ee59515172ee198f3be375979df15ac5345183e656720a381b8872b2a39dc8b","6aad751007cf9a89350af287f824ab64f096c472c7c9c679fb3d55b6174fc004","d00477d40ed40fa1dd3bdee27d9286804121b15fea83bae7d5415d902b055de0","aff3449bdc238776f5d6d967f19ec491b36aed5fb7f23ccff6500736fd58494a","f85ca8bd19749e7b01ef393d9d06c6774ac622a1eaeb894446f441a2d07b2dbe","029a727c9e1081d2f9e1015f02f18da88f268512ea4f58589a6f17f532928530","9c80912ed220025fcf1d65d232669414997328b83864e2a065e8e0694ea5f017","8d8ab80fcf7d00dee5516bb20587319feb65594f7ee7b3c06fdace054471fee5","935fab5696e7ecb7171b7dd98941873a8fc91e0dadf4b38b329d6d2919319e2c","da67f20a8731216bbd88a339582261ff0bec51f47e1f4e0dde76eee4e6040cef","bfe106a3fb878dc83461c86818bf74fc1bdc7f28538ba613cd3e775516ce8b49"],"uploadUrl":"https://upload-firebasehosting.googleapis.com/upload/sites/organic-grocer-warehouse/versions/0e6dd7958e1d1f29/files"}
[debug] [2022-08-29T13:54:46.598Z] >>> [apiv2][query] POST https://upload-firebasehosting.googleapis.com/upload/sites/organic-grocer-warehouse/versions/0e6dd7958e1d1f29/files/9990e6499e012bb8db4a2fb6163f4879e94e36ba1f1895c28ddb6bfbc45d3996 [none]
[debug] [2022-08-29T13:54:46.598Z] >>> [apiv2][body] POST https://upload-firebasehosting.googleapis.com/upload/sites/organic-grocer-warehouse/versions/0e6dd7958e1d1f29/files/9990e6499e012bb8db4a2fb6163f4879e94e36ba1f1895c28ddb6bfbc45d3996 [stream]
[debug] [2022-08-29T13:54:46.600Z] >>> [apiv2][query] POST https://upload-firebasehosting.googleapis.com/upload/sites/organic-grocer-warehouse/versions/0e6dd7958e1d1f29/files/d5707999923e0332a76e919b89c68ae3330c918509f364cf12a2fecee252a8d3 [none]
[debug] [2022-08-29T13:54:46.600Z] >>> [apiv2][body] POST https://upload-firebasehosting.googleapis.com/upload/sites/organic-grocer-warehouse/versions/0e6dd7958e1d1f29/files/d5707999923e0332a76e919b89c68ae3330c918509f364cf12a2fecee252a8d3 [stream]
[debug] [2022-08-29T13:54:46.601Z] >>> [apiv2][query] POST https://upload-firebasehosting.googleapis.com/upload/sites/organic-grocer-warehouse/versions/0e6dd7958e1d1f29/files/a4bf333c58f9e94274c19b9aee77a652337affee13e747a3e15415ca14c01597 [none]
[debug] [2022-08-29T13:54:46.601Z] >>> [apiv2][body] POST https://upload-firebasehosting.googleapis.com/upload/sites/organic-grocer-warehouse/versions/0e6dd7958e1d1f29/files/a4bf333c58f9e94274c19b9aee77a652337affee13e747a3e15415ca14c01597 [stream]
[debug] [2022-08-29T13:54:46.603Z] >>> [apiv2][query] POST https://upload-firebasehosting.googleapis.com/upload/sites/organic-grocer-warehouse/versions/0e6dd7958e1d1f29/files/52b9a169969e053d43df6bd21c4dc789c2518d99afd8590a17ef50cd24c77cf6 [none]
[debug] [2022-08-29T13:54:46.603Z] >>> [apiv2][body] POST https://upload-firebasehosting.googleapis.com/upload/sites/organic-grocer-warehouse/versions/0e6dd7958e1d1f29/files/52b9a169969e053d43df6bd21c4dc789c2518d99afd8590a17ef50cd24c77cf6 [stream]
[debug] [2022-08-29T13:54:46.605Z] >>> [apiv2][query] POST https://upload-firebasehosting.googleapis.com/upload/sites/organic-grocer-warehouse/versions/0e6dd7958e1d1f29/files/dcde0ab131326fc9676ee4f5d354fcd3b0e7a9b5e4c95517174d993297ef7443 [none]
[debug] [2022-08-29T13:54:46.605Z] >>> [apiv2][body] POST https://upload-firebasehosting.googleapis.com/upload/sites/organic-grocer-warehouse/versions/0e6dd7958e1d1f29/files/dcde0ab131326fc9676ee4f5d354fcd3b0e7a9b5e4c95517174d993297ef7443 [stream]
[debug] [2022-08-29T13:54:46.608Z] >>> [apiv2][query] POST https://upload-firebasehosting.googleapis.com/upload/sites/organic-grocer-warehouse/versions/0e6dd7958e1d1f29/files/d66639762c9eefab2348d9e0a52ddd5c6b57ac5b0ecb5beabff43c6027409b3c [none]
[debug] [2022-08-29T13:54:46.608Z] >>> [apiv2][body] POST https://upload-firebasehosting.googleapis.com/upload/sites/organic-grocer-warehouse/versions/0e6dd7958e1d1f29/files/d66639762c9eefab2348d9e0a52ddd5c6b57ac5b0ecb5beabff43c6027409b3c [stream]
[debug] [2022-08-29T13:54:46.610Z] >>> [apiv2][query] POST https://upload-firebasehosting.googleapis.com/upload/sites/organic-grocer-warehouse/versions/0e6dd7958e1d1f29/files/ee7e2f3fdb8209c4b6fd7bef6ba50d1b9dba30a25bb5c3126df057e1cb6f5331 [none]
[debug] [2022-08-29T13:54:46.610Z] >>> [apiv2][body] POST https://upload-firebasehosting.googleapis.com/upload/sites/organic-grocer-warehouse/versions/0e6dd7958e1d1f29/files/ee7e2f3fdb8209c4b6fd7bef6ba50d1b9dba30a25bb5c3126df057e1cb6f5331 [stream]
[debug] [2022-08-29T13:54:46.612Z] >>> [apiv2][query] POST https://upload-firebasehosting.googleapis.com/upload/sites/organic-grocer-warehouse/versions/0e6dd7958e1d1f29/files/779b2382efafcc3d470395a8ec90516af698f479191cb120babe5ef2ebbd90da [none]
[debug] [2022-08-29T13:54:46.612Z] >>> [apiv2][body] POST https://upload-firebasehosting.googleapis.com/upload/sites/organic-grocer-warehouse/versions/0e6dd7958e1d1f29/files/779b2382efafcc3d470395a8ec90516af698f479191cb120babe5ef2ebbd90da [stream]
[debug] [2022-08-29T13:54:46.614Z] >>> [apiv2][query] POST https://upload-firebasehosting.googleapis.com/upload/sites/organic-grocer-warehouse/versions/0e6dd7958e1d1f29/files/3ee59515172ee198f3be375979df15ac5345183e656720a381b8872b2a39dc8b [none]
[debug] [2022-08-29T13:54:46.614Z] >>> [apiv2][body] POST https://upload-firebasehosting.googleapis.com/upload/sites/organic-grocer-warehouse/versions/0e6dd7958e1d1f29/files/3ee59515172ee198f3be375979df15ac5345183e656720a381b8872b2a39dc8b [stream]
[debug] [2022-08-29T13:54:46.615Z] >>> [apiv2][query] POST https://upload-firebasehosting.googleapis.com/upload/sites/organic-grocer-warehouse/versions/0e6dd7958e1d1f29/files/6aad751007cf9a89350af287f824ab64f096c472c7c9c679fb3d55b6174fc004 [none]
[debug] [2022-08-29T13:54:46.615Z] >>> [apiv2][body] POST https://upload-firebasehosting.googleapis.com/upload/sites/organic-grocer-warehouse/versions/0e6dd7958e1d1f29/files/6aad751007cf9a89350af287f824ab64f096c472c7c9c679fb3d55b6174fc004 [stream]
[debug] [2022-08-29T13:54:46.617Z] >>> [apiv2][query] POST https://upload-firebasehosting.googleapis.com/upload/sites/organic-grocer-warehouse/versions/0e6dd7958e1d1f29/files/d00477d40ed40fa1dd3bdee27d9286804121b15fea83bae7d5415d902b055de0 [none]
[debug] [2022-08-29T13:54:46.617Z] >>> [apiv2][body] POST https://upload-firebasehosting.googleapis.com/upload/sites/organic-grocer-warehouse/versions/0e6dd7958e1d1f29/files/d00477d40ed40fa1dd3bdee27d9286804121b15fea83bae7d5415d902b055de0 [stream]
[debug] [2022-08-29T13:54:46.618Z] >>> [apiv2][query] POST https://upload-firebasehosting.googleapis.com/upload/sites/organic-grocer-warehouse/versions/0e6dd7958e1d1f29/files/aff3449bdc238776f5d6d967f19ec491b36aed5fb7f23ccff6500736fd58494a [none]
[debug] [2022-08-29T13:54:46.618Z] >>> [apiv2][body] POST https://upload-firebasehosting.googleapis.com/upload/sites/organic-grocer-warehouse/versions/0e6dd7958e1d1f29/files/aff3449bdc238776f5d6d967f19ec491b36aed5fb7f23ccff6500736fd58494a [stream]
[debug] [2022-08-29T13:54:46.624Z] >>> [apiv2][query] POST https://upload-firebasehosting.googleapis.com/upload/sites/organic-grocer-warehouse/versions/0e6dd7958e1d1f29/files/f85ca8bd19749e7b01ef393d9d06c6774ac622a1eaeb894446f441a2d07b2dbe [none]
[debug] [2022-08-29T13:54:46.625Z] >>> [apiv2][body] POST https://upload-firebasehosting.googleapis.com/upload/sites/organic-grocer-warehouse/versions/0e6dd7958e1d1f29/files/f85ca8bd19749e7b01ef393d9d06c6774ac622a1eaeb894446f441a2d07b2dbe [stream]
[debug] [2022-08-29T13:54:46.627Z] >>> [apiv2][query] POST https://upload-firebasehosting.googleapis.com/upload/sites/organic-grocer-warehouse/versions/0e6dd7958e1d1f29/files/029a727c9e1081d2f9e1015f02f18da88f268512ea4f58589a6f17f532928530 [none]
[debug] [2022-08-29T13:54:46.627Z] >>> [apiv2][body] POST https://upload-firebasehosting.googleapis.com/upload/sites/organic-grocer-warehouse/versions/0e6dd7958e1d1f29/files/029a727c9e1081d2f9e1015f02f18da88f268512ea4f58589a6f17f532928530 [stream]
[debug] [2022-08-29T13:54:46.629Z] >>> [apiv2][query] POST https://upload-firebasehosting.googleapis.com/upload/sites/organic-grocer-warehouse/versions/0e6dd7958e1d1f29/files/9c80912ed220025fcf1d65d232669414997328b83864e2a065e8e0694ea5f017 [none]
[debug] [2022-08-29T13:54:46.629Z] >>> [apiv2][body] POST https://upload-firebasehosting.googleapis.com/upload/sites/organic-grocer-warehouse/versions/0e6dd7958e1d1f29/files/9c80912ed220025fcf1d65d232669414997328b83864e2a065e8e0694ea5f017 [stream]
[debug] [2022-08-29T13:54:46.630Z] >>> [apiv2][query] POST https://upload-firebasehosting.googleapis.com/upload/sites/organic-grocer-warehouse/versions/0e6dd7958e1d1f29/files/8d8ab80fcf7d00dee5516bb20587319feb65594f7ee7b3c06fdace054471fee5 [none]
[debug] [2022-08-29T13:54:46.631Z] >>> [apiv2][body] POST https://upload-firebasehosting.googleapis.com/upload/sites/organic-grocer-warehouse/versions/0e6dd7958e1d1f29/files/8d8ab80fcf7d00dee5516bb20587319feb65594f7ee7b3c06fdace054471fee5 [stream]
[debug] [2022-08-29T13:54:46.632Z] >>> [apiv2][query] POST https://upload-firebasehosting.googleapis.com/upload/sites/organic-grocer-warehouse/versions/0e6dd7958e1d1f29/files/935fab5696e7ecb7171b7dd98941873a8fc91e0dadf4b38b329d6d2919319e2c [none]
[debug] [2022-08-29T13:54:46.632Z] >>> [apiv2][body] POST https://upload-firebasehosting.googleapis.com/upload/sites/organic-grocer-warehouse/versions/0e6dd7958e1d1f29/files/935fab5696e7ecb7171b7dd98941873a8fc91e0dadf4b38b329d6d2919319e2c [stream]
[debug] [2022-08-29T13:54:46.633Z] >>> [apiv2][query] POST https://upload-firebasehosting.googleapis.com/upload/sites/organic-grocer-warehouse/versions/0e6dd7958e1d1f29/files/da67f20a8731216bbd88a339582261ff0bec51f47e1f4e0dde76eee4e6040cef [none]
[debug] [2022-08-29T13:54:46.633Z] >>> [apiv2][body] POST https://upload-firebasehosting.googleapis.com/upload/sites/organic-grocer-warehouse/versions/0e6dd7958e1d1f29/files/da67f20a8731216bbd88a339582261ff0bec51f47e1f4e0dde76eee4e6040cef [stream]
[debug] [2022-08-29T13:54:46.635Z] >>> [apiv2][query] POST https://upload-firebasehosting.googleapis.com/upload/sites/organic-grocer-warehouse/versions/0e6dd7958e1d1f29/files/bfe106a3fb878dc83461c86818bf74fc1bdc7f28538ba613cd3e775516ce8b49 [none]
[debug] [2022-08-29T13:54:46.635Z] >>> [apiv2][body] POST https://upload-firebasehosting.googleapis.com/upload/sites/organic-grocer-warehouse/versions/0e6dd7958e1d1f29/files/bfe106a3fb878dc83461c86818bf74fc1bdc7f28538ba613cd3e775516ce8b49 [stream]
[debug] [2022-08-29T13:54:46.636Z] [hosting][populate queue][FINAL] {"max":1220,"min":1220,"avg":1220,"active":0,"complete":1,"success":1,"errored":0,"retried":0,"total":1,"elapsed":1258}
[debug] [2022-08-29T13:54:46.637Z] [hosting] uploads queued: 19
[debug] [2022-08-29T13:54:48.418Z] <<< [apiv2][status] POST https://upload-firebasehosting.googleapis.com/upload/sites/organic-grocer-warehouse/versions/0e6dd7958e1d1f29/files/ee7e2f3fdb8209c4b6fd7bef6ba50d1b9dba30a25bb5c3126df057e1cb6f5331 200
[debug] [2022-08-29T13:54:48.418Z] <<< [apiv2][body] POST https://upload-firebasehosting.googleapis.com/upload/sites/organic-grocer-warehouse/versions/0e6dd7958e1d1f29/files/ee7e2f3fdb8209c4b6fd7bef6ba50d1b9dba30a25bb5c3126df057e1cb6f5331 [stream]
[debug] [2022-08-29T13:54:48.501Z] <<< [apiv2][status] POST https://upload-firebasehosting.googleapis.com/upload/sites/organic-grocer-warehouse/versions/0e6dd7958e1d1f29/files/bfe106a3fb878dc83461c86818bf74fc1bdc7f28538ba613cd3e775516ce8b49 200
[debug] [2022-08-29T13:54:48.502Z] <<< [apiv2][body] POST https://upload-firebasehosting.googleapis.com/upload/sites/organic-grocer-warehouse/versions/0e6dd7958e1d1f29/files/bfe106a3fb878dc83461c86818bf74fc1bdc7f28538ba613cd3e775516ce8b49 [stream]
[debug] [2022-08-29T13:54:48.533Z] <<< [apiv2][status] POST https://upload-firebasehosting.googleapis.com/upload/sites/organic-grocer-warehouse/versions/0e6dd7958e1d1f29/files/52b9a169969e053d43df6bd21c4dc789c2518d99afd8590a17ef50cd24c77cf6 200
[debug] [2022-08-29T13:54:48.533Z] <<< [apiv2][body] POST https://upload-firebasehosting.googleapis.com/upload/sites/organic-grocer-warehouse/versions/0e6dd7958e1d1f29/files/52b9a169969e053d43df6bd21c4dc789c2518d99afd8590a17ef50cd24c77cf6 [stream]
[debug] [2022-08-29T13:54:48.545Z] <<< [apiv2][status] POST https://upload-firebasehosting.googleapis.com/upload/sites/organic-grocer-warehouse/versions/0e6dd7958e1d1f29/files/029a727c9e1081d2f9e1015f02f18da88f268512ea4f58589a6f17f532928530 200
[debug] [2022-08-29T13:54:48.545Z] <<< [apiv2][body] POST https://upload-firebasehosting.googleapis.com/upload/sites/organic-grocer-warehouse/versions/0e6dd7958e1d1f29/files/029a727c9e1081d2f9e1015f02f18da88f268512ea4f58589a6f17f532928530 [stream]
[debug] [2022-08-29T13:54:48.549Z] <<< [apiv2][status] POST https://upload-firebasehosting.googleapis.com/upload/sites/organic-grocer-warehouse/versions/0e6dd7958e1d1f29/files/d00477d40ed40fa1dd3bdee27d9286804121b15fea83bae7d5415d902b055de0 200
[debug] [2022-08-29T13:54:48.549Z] <<< [apiv2][body] POST https://upload-firebasehosting.googleapis.com/upload/sites/organic-grocer-warehouse/versions/0e6dd7958e1d1f29/files/d00477d40ed40fa1dd3bdee27d9286804121b15fea83bae7d5415d902b055de0 [stream]
[debug] [2022-08-29T13:54:48.555Z] <<< [apiv2][status] POST https://upload-firebasehosting.googleapis.com/upload/sites/organic-grocer-warehouse/versions/0e6dd7958e1d1f29/files/935fab5696e7ecb7171b7dd98941873a8fc91e0dadf4b38b329d6d2919319e2c 200
[debug] [2022-08-29T13:54:48.555Z] <<< [apiv2][body] POST https://upload-firebasehosting.googleapis.com/upload/sites/organic-grocer-warehouse/versions/0e6dd7958e1d1f29/files/935fab5696e7ecb7171b7dd98941873a8fc91e0dadf4b38b329d6d2919319e2c [stream]
[debug] [2022-08-29T13:54:48.744Z] <<< [apiv2][status] POST https://upload-firebasehosting.googleapis.com/upload/sites/organic-grocer-warehouse/versions/0e6dd7958e1d1f29/files/8d8ab80fcf7d00dee5516bb20587319feb65594f7ee7b3c06fdace054471fee5 200
[debug] [2022-08-29T13:54:48.744Z] <<< [apiv2][body] POST https://upload-firebasehosting.googleapis.com/upload/sites/organic-grocer-warehouse/versions/0e6dd7958e1d1f29/files/8d8ab80fcf7d00dee5516bb20587319feb65594f7ee7b3c06fdace054471fee5 [stream]
[debug] [2022-08-29T13:54:49.117Z] <<< [apiv2][status] POST https://upload-firebasehosting.googleapis.com/upload/sites/organic-grocer-warehouse/versions/0e6dd7958e1d1f29/files/9c80912ed220025fcf1d65d232669414997328b83864e2a065e8e0694ea5f017 200
[debug] [2022-08-29T13:54:49.117Z] <<< [apiv2][body] POST https://upload-firebasehosting.googleapis.com/upload/sites/organic-grocer-warehouse/versions/0e6dd7958e1d1f29/files/9c80912ed220025fcf1d65d232669414997328b83864e2a065e8e0694ea5f017 [stream]
[debug] [2022-08-29T13:54:49.133Z] <<< [apiv2][status] POST https://upload-firebasehosting.googleapis.com/upload/sites/organic-grocer-warehouse/versions/0e6dd7958e1d1f29/files/6aad751007cf9a89350af287f824ab64f096c472c7c9c679fb3d55b6174fc004 200
[debug] [2022-08-29T13:54:49.133Z] <<< [apiv2][body] POST https://upload-firebasehosting.googleapis.com/upload/sites/organic-grocer-warehouse/versions/0e6dd7958e1d1f29/files/6aad751007cf9a89350af287f824ab64f096c472c7c9c679fb3d55b6174fc004 [stream]
[debug] [2022-08-29T13:54:49.237Z] <<< [apiv2][status] POST https://upload-firebasehosting.googleapis.com/upload/sites/organic-grocer-warehouse/versions/0e6dd7958e1d1f29/files/d5707999923e0332a76e919b89c68ae3330c918509f364cf12a2fecee252a8d3 200
[debug] [2022-08-29T13:54:49.237Z] <<< [apiv2][body] POST https://upload-firebasehosting.googleapis.com/upload/sites/organic-grocer-warehouse/versions/0e6dd7958e1d1f29/files/d5707999923e0332a76e919b89c68ae3330c918509f364cf12a2fecee252a8d3 [stream]
[debug] [2022-08-29T13:54:49.276Z] <<< [apiv2][status] POST https://upload-firebasehosting.googleapis.com/upload/sites/organic-grocer-warehouse/versions/0e6dd7958e1d1f29/files/779b2382efafcc3d470395a8ec90516af698f479191cb120babe5ef2ebbd90da 200
[debug] [2022-08-29T13:54:49.276Z] <<< [apiv2][body] POST https://upload-firebasehosting.googleapis.com/upload/sites/organic-grocer-warehouse/versions/0e6dd7958e1d1f29/files/779b2382efafcc3d470395a8ec90516af698f479191cb120babe5ef2ebbd90da [stream]
[debug] [2022-08-29T13:54:49.307Z] <<< [apiv2][status] POST https://upload-firebasehosting.googleapis.com/upload/sites/organic-grocer-warehouse/versions/0e6dd7958e1d1f29/files/da67f20a8731216bbd88a339582261ff0bec51f47e1f4e0dde76eee4e6040cef 200
[debug] [2022-08-29T13:54:49.307Z] <<< [apiv2][body] POST https://upload-firebasehosting.googleapis.com/upload/sites/organic-grocer-warehouse/versions/0e6dd7958e1d1f29/files/da67f20a8731216bbd88a339582261ff0bec51f47e1f4e0dde76eee4e6040cef [stream]
[debug] [2022-08-29T13:54:49.477Z] <<< [apiv2][status] POST https://upload-firebasehosting.googleapis.com/upload/sites/organic-grocer-warehouse/versions/0e6dd7958e1d1f29/files/aff3449bdc238776f5d6d967f19ec491b36aed5fb7f23ccff6500736fd58494a 200
[debug] [2022-08-29T13:54:49.477Z] <<< [apiv2][body] POST https://upload-firebasehosting.googleapis.com/upload/sites/organic-grocer-warehouse/versions/0e6dd7958e1d1f29/files/aff3449bdc238776f5d6d967f19ec491b36aed5fb7f23ccff6500736fd58494a [stream]
[debug] [2022-08-29T13:54:49.569Z] <<< [apiv2][status] POST https://upload-firebasehosting.googleapis.com/upload/sites/organic-grocer-warehouse/versions/0e6dd7958e1d1f29/files/dcde0ab131326fc9676ee4f5d354fcd3b0e7a9b5e4c95517174d993297ef7443 200
[debug] [2022-08-29T13:54:49.570Z] <<< [apiv2][body] POST https://upload-firebasehosting.googleapis.com/upload/sites/organic-grocer-warehouse/versions/0e6dd7958e1d1f29/files/dcde0ab131326fc9676ee4f5d354fcd3b0e7a9b5e4c95517174d993297ef7443 [stream]
[debug] [2022-08-29T13:54:49.632Z] <<< [apiv2][status] POST https://upload-firebasehosting.googleapis.com/upload/sites/organic-grocer-warehouse/versions/0e6dd7958e1d1f29/files/3ee59515172ee198f3be375979df15ac5345183e656720a381b8872b2a39dc8b 200
[debug] [2022-08-29T13:54:49.633Z] <<< [apiv2][body] POST https://upload-firebasehosting.googleapis.com/upload/sites/organic-grocer-warehouse/versions/0e6dd7958e1d1f29/files/3ee59515172ee198f3be375979df15ac5345183e656720a381b8872b2a39dc8b [stream]
[debug] [2022-08-29T13:54:49.711Z] <<< [apiv2][status] POST https://upload-firebasehosting.googleapis.com/upload/sites/organic-grocer-warehouse/versions/0e6dd7958e1d1f29/files/9990e6499e012bb8db4a2fb6163f4879e94e36ba1f1895c28ddb6bfbc45d3996 200
[debug] [2022-08-29T13:54:49.711Z] <<< [apiv2][body] POST https://upload-firebasehosting.googleapis.com/upload/sites/organic-grocer-warehouse/versions/0e6dd7958e1d1f29/files/9990e6499e012bb8db4a2fb6163f4879e94e36ba1f1895c28ddb6bfbc45d3996 [stream]
[debug] [2022-08-29T13:54:49.763Z] <<< [apiv2][status] POST https://upload-firebasehosting.googleapis.com/upload/sites/organic-grocer-warehouse/versions/0e6dd7958e1d1f29/files/d66639762c9eefab2348d9e0a52ddd5c6b57ac5b0ecb5beabff43c6027409b3c 200
[debug] [2022-08-29T13:54:49.764Z] <<< [apiv2][body] POST https://upload-firebasehosting.googleapis.com/upload/sites/organic-grocer-warehouse/versions/0e6dd7958e1d1f29/files/d66639762c9eefab2348d9e0a52ddd5c6b57ac5b0ecb5beabff43c6027409b3c [stream]
[debug] [2022-08-29T13:54:50.079Z] <<< [apiv2][status] POST https://upload-firebasehosting.googleapis.com/upload/sites/organic-grocer-warehouse/versions/0e6dd7958e1d1f29/files/f85ca8bd19749e7b01ef393d9d06c6774ac622a1eaeb894446f441a2d07b2dbe 200
[debug] [2022-08-29T13:54:50.080Z] <<< [apiv2][body] POST https://upload-firebasehosting.googleapis.com/upload/sites/organic-grocer-warehouse/versions/0e6dd7958e1d1f29/files/f85ca8bd19749e7b01ef393d9d06c6774ac622a1eaeb894446f441a2d07b2dbe [stream]
[debug] [2022-08-29T13:54:50.529Z] <<< [apiv2][status] POST https://upload-firebasehosting.googleapis.com/upload/sites/organic-grocer-warehouse/versions/0e6dd7958e1d1f29/files/a4bf333c58f9e94274c19b9aee77a652337affee13e747a3e15415ca14c01597 200
[debug] [2022-08-29T13:54:50.530Z] <<< [apiv2][body] POST https://upload-firebasehosting.googleapis.com/upload/sites/organic-grocer-warehouse/versions/0e6dd7958e1d1f29/files/a4bf333c58f9e94274c19b9aee77a652337affee13e747a3e15415ca14c01597 [stream]
[debug] [2022-08-29T13:54:50.530Z] [hosting][upload queue][FINAL] {"max":3937,"min":1824,"avg":2599,"active":0,"complete":19,"success":19,"errored":0,"retried":0,"total":19,"elapsed":3938}
[info] +  hosting[organic-grocer-warehouse]: file upload complete 
[debug] [2022-08-29T13:54:50.535Z] [hosting] deploy completed after 5749ms
[debug] [2022-08-29T13:54:50.555Z] [
  {
    "config": {
      "public": "build",
      "ignore": [
        "firebase.json",
        "**/.*",
        "**/node_modules/**"
      ],
      "rewrites": [
        {
          "source": "**",
          "destination": "/index.html"
        }
      ],
      "site": "organic-grocer-warehouse"
    },
    "site": "organic-grocer-warehouse",
    "version": "projects/421099645940/sites/organic-grocer-warehouse/versions/0e6dd7958e1d1f29"
  }
]
[info] i  hosting[organic-grocer-warehouse]: finalizing version... 
[debug] [2022-08-29T13:54:50.565Z] >>> [apiv2][query] PATCH https://firebasehosting.googleapis.com/v1beta1/projects/421099645940/sites/organic-grocer-warehouse/versions/0e6dd7958e1d1f29 updateMask=status
[debug] [2022-08-29T13:54:50.565Z] >>> [apiv2][body] PATCH https://firebasehosting.googleapis.com/v1beta1/projects/421099645940/sites/organic-grocer-warehouse/versions/0e6dd7958e1d1f29 {"status":"FINALIZED"}
[debug] [2022-08-29T13:54:51.738Z] <<< [apiv2][status] PATCH https://firebasehosting.googleapis.com/v1beta1/projects/421099645940/sites/organic-grocer-warehouse/versions/0e6dd7958e1d1f29 200
[debug] [2022-08-29T13:54:51.738Z] <<< [apiv2][body] PATCH https://firebasehosting.googleapis.com/v1beta1/projects/421099645940/sites/organic-grocer-warehouse/versions/0e6dd7958e1d1f29 {"name":"projects/421099645940/sites/organic-grocer-warehouse/versions/0e6dd7958e1d1f29","status":"FINALIZED","config":{"rewrites":[{"glob":"**","path":"/index.html"}]},"labels":{"deployment-tool":"cli-firebase"},"createTime":"2022-08-29T13:54:45.303130Z","createUser":{"email":"proloychacroborty@gmail.com"},"finalizeTime":"2022-08-29T13:54:52.887270Z","finalizeUser":{"email":"proloychacroborty@gmail.com"}}
[debug] [2022-08-29T13:54:51.739Z] [hosting] finalized version for organic-grocer-warehouse:[object Object]
[info] +  hosting[organic-grocer-warehouse]: version finalized 
[info] i  hosting[organic-grocer-warehouse]: releasing new version... 
[debug] [2022-08-29T13:54:51.752Z] >>> [apiv2][query] POST https://firebasehosting.googleapis.com/v1beta1/projects/421099645940/sites/organic-grocer-warehouse/releases versionName=projects%2F421099645940%2Fsites%2Forganic-grocer-warehouse%2Fversions%2F0e6dd7958e1d1f29
[debug] [2022-08-29T13:54:51.752Z] >>> [apiv2][body] POST https://firebasehosting.googleapis.com/v1beta1/projects/421099645940/sites/organic-grocer-warehouse/releases {"message":null}
[debug] [2022-08-29T13:54:53.011Z] <<< [apiv2][status] POST https://firebasehosting.googleapis.com/v1beta1/projects/421099645940/sites/organic-grocer-warehouse/releases 200
[debug] [2022-08-29T13:54:53.012Z] <<< [apiv2][body] POST https://firebasehosting.googleapis.com/v1beta1/projects/421099645940/sites/organic-grocer-warehouse/releases {"name":"projects/421099645940/sites/organic-grocer-warehouse/releases/1661781293533654","version":{"name":"projects/421099645940/sites/organic-grocer-warehouse/versions/0e6dd7958e1d1f29","status":"FINALIZED","config":{"rewrites":[{"glob":"**","path":"/index.html"}]},"labels":{"deployment-tool":"cli-firebase"},"createTime":"2022-08-29T13:54:45.303130Z","createUser":{"email":"proloychacroborty@gmail.com","imageUrl":"https://lh3.googleusercontent.com/a-/AFdZucrjpQuMmKHVJ58PK1zFY7OH_4mAxNv3cUhG4V5B"},"finalizeTime":"2022-08-29T13:54:52.887270Z","finalizeUser":{"email":"proloychacroborty@gmail.com","imageUrl":"https://lh3.googleusercontent.com/a-/AFdZucrjpQuMmKHVJ58PK1zFY7OH_4mAxNv3cUhG4V5B"}},"type":"DEPLOY","releaseTime":"2022-08-29T13:54:53.533654283Z","releaseUser":{"email":"proloychacroborty@gmail.com","imageUrl":"https://lh3.googleusercontent.com/a-/AFdZucrjpQuMmKHVJ58PK1zFY7OH_4mAxNv3cUhG4V5B"}}
[debug] [2022-08-29T13:54:53.013Z] [hosting] release: {"name":"projects/421099645940/sites/organic-grocer-warehouse/releases/1661781293533654","version":{"name":"projects/421099645940/sites/organic-grocer-warehouse/versions/0e6dd7958e1d1f29","status":"FINALIZED","config":{"rewrites":[{"glob":"**","path":"/index.html"}]},"labels":{"deployment-tool":"cli-firebase"},"createTime":"2022-08-29T13:54:45.303130Z","createUser":{"email":"proloychacroborty@gmail.com","imageUrl":"https://lh3.googleusercontent.com/a-/AFdZucrjpQuMmKHVJ58PK1zFY7OH_4mAxNv3cUhG4V5B"},"finalizeTime":"2022-08-29T13:54:52.887270Z","finalizeUser":{"email":"proloychacroborty@gmail.com","imageUrl":"https://lh3.googleusercontent.com/a-/AFdZucrjpQuMmKHVJ58PK1zFY7OH_4mAxNv3cUhG4V5B"}},"type":"DEPLOY","releaseTime":"2022-08-29T13:54:53.533654283Z","releaseUser":{"email":"proloychacroborty@gmail.com","imageUrl":"https://lh3.googleusercontent.com/a-/AFdZucrjpQuMmKHVJ58PK1zFY7OH_4mAxNv3cUhG4V5B"}}
[info] +  hosting[organic-grocer-warehouse]: release complete 
[info] 
[info] +  Deploy complete! 
[info] 
[info] Project Console: https://console.firebase.google.com/project/organic-grocer-warehouse/overview
[info] Hosting URL: https://organic-grocer-warehouse.web.app
